{"C:\\code\\zntl-tray\\apps\\desk\\src\\components\\HeightRail.tsx": {"path":"C:\\code\\zntl-tray\\apps\\desk\\src\\components\\HeightRail.tsx","statementMap":{"0":{"start":{"line":14,"column":15},"end":{"line":14,"column":null}},"1":{"start":{"line":16,"column":15},"end":{"line":16,"column":null}},"2":{"start":{"line":32,"column":40},"end":{"line":68,"column":null}},"3":{"start":{"line":33,"column":8},"end":{"line":33,"column":null}},"4":{"start":{"line":34,"column":32},"end":{"line":34,"column":null}},"5":{"start":{"line":37,"column":2},"end":{"line":45,"column":null}},"6":{"start":{"line":38,"column":22},"end":{"line":38,"column":null}},"7":{"start":{"line":39,"column":4},"end":{"line":43,"column":null}},"8":{"start":{"line":40,"column":6},"end":{"line":40,"column":null}},"9":{"start":{"line":41,"column":20},"end":{"line":41,"column":null}},"10":{"start":{"line":41,"column":37},"end":{"line":41,"column":58}},"11":{"start":{"line":42,"column":6},"end":{"line":42,"column":null}},"12":{"start":{"line":42,"column":19},"end":{"line":42,"column":null}},"13":{"start":{"line":44,"column":4},"end":{"line":44,"column":null}},"14":{"start":{"line":47,"column":18},"end":{"line":47,"column":null}},"15":{"start":{"line":49,"column":14},"end":{"line":51,"column":null}},"16":{"start":{"line":53,"column":2},"end":{"line":66,"column":null}}},"fnMap":{"0":{"name":"(anonymous_0)","decl":{"start":{"line":32,"column":40},"end":{"line":32,"column":41}},"loc":{"start":{"line":32,"column":79},"end":{"line":68,"column":null}},"line":32},"1":{"name":"(anonymous_1)","decl":{"start":{"line":37,"column":12},"end":{"line":37,"column":18}},"loc":{"start":{"line":37,"column":18},"end":{"line":45,"column":5}},"line":37},"2":{"name":"(anonymous_2)","decl":{"start":{"line":41,"column":31},"end":{"line":41,"column":37}},"loc":{"start":{"line":41,"column":37},"end":{"line":41,"column":58}},"line":41},"3":{"name":"(anonymous_3)","decl":{"start":{"line":42,"column":13},"end":{"line":42,"column":19}},"loc":{"start":{"line":42,"column":19},"end":{"line":42,"column":null}},"line":42}},"branchMap":{"0":{"loc":{"start":{"line":39,"column":4},"end":{"line":43,"column":null}},"type":"if","locations":[{"start":{"line":39,"column":4},"end":{"line":43,"column":null}},{"start":{},"end":{}}],"line":39},"1":{"loc":{"start":{"line":39,"column":8},"end":{"line":39,"column":57}},"type":"binary-expr","locations":[{"start":{"line":39,"column":8},"end":{"line":39,"column":35}},{"start":{"line":39,"column":35},"end":{"line":39,"column":57}}],"line":39},"2":{"loc":{"start":{"line":49,"column":14},"end":{"line":51,"column":null}},"type":"cond-expr","locations":[{"start":{"line":49,"column":29},"end":{"line":50,"column":null}},{"start":{"line":51,"column":6},"end":{"line":51,"column":null}}],"line":49},"3":{"loc":{"start":{"line":55,"column":42},"end":{"line":55,"column":null}},"type":"cond-expr","locations":[{"start":{"line":55,"column":61},"end":{"line":55,"column":95}},{"start":{"line":55,"column":95},"end":{"line":55,"column":null}}],"line":55},"4":{"loc":{"start":{"line":56,"column":9},"end":{"line":60,"column":null}},"type":"binary-expr","locations":[{"start":{"line":56,"column":9},"end":{"line":56,"column":null}},{"start":{"line":57,"column":10},"end":{"line":60,"column":null}}],"line":56},"5":{"loc":{"start":{"line":58,"column":49},"end":{"line":58,"column":97}},"type":"cond-expr","locations":[{"start":{"line":58,"column":61},"end":{"line":58,"column":95}},{"start":{"line":58,"column":95},"end":{"line":58,"column":97}}],"line":58}},"s":{"0":1,"1":1,"2":1,"3":29,"4":29,"5":29,"6":19,"7":19,"8":6,"9":6,"10":2,"11":6,"12":6,"13":13,"14":29,"15":29,"16":29},"f":{"0":29,"1":19,"2":2,"3":6},"b":{"0":[6,13],"1":[19,9],"2":[28,1],"3":[28,1],"4":[29,28],"5":[7,21]},"meta":{"lastBranch":6,"lastFunction":4,"lastStatement":17,"seen":{"s:14:15:14:Infinity":0,"s:16:15:16:Infinity":1,"s:32:40:68:Infinity":2,"f:32:40:32:41":0,"s:33:8:33:Infinity":3,"s:34:32:34:Infinity":4,"s:37:2:45:Infinity":5,"f:37:12:37:18":1,"s:38:22:38:Infinity":6,"b:39:4:43:Infinity:undefined:undefined:undefined:undefined":0,"s:39:4:43:Infinity":7,"b:39:8:39:35:39:35:39:57":1,"s:40:6:40:Infinity":8,"s:41:20:41:Infinity":9,"f:41:31:41:37":2,"s:41:37:41:58":10,"s:42:6:42:Infinity":11,"f:42:13:42:19":3,"s:42:19:42:Infinity":12,"s:44:4:44:Infinity":13,"s:47:18:47:Infinity":14,"s:49:14:51:Infinity":15,"b:49:29:50:Infinity:51:6:51:Infinity":2,"s:53:2:66:Infinity":16,"b:55:61:55:95:55:95:55:Infinity":3,"b:56:9:56:Infinity:57:10:60:Infinity":4,"b:58:61:58:95:58:95:58:97":5}}}
,"C:\\code\\zntl-tray\\apps\\desk\\src\\components\\SessionProgress.tsx": {"path":"C:\\code\\zntl-tray\\apps\\desk\\src\\components\\SessionProgress.tsx","statementMap":{"0":{"start":{"line":19,"column":24},"end":{"line":19,"column":null}},"1":{"start":{"line":20,"column":24},"end":{"line":20,"column":null}},"2":{"start":{"line":23,"column":2},"end":{"line":23,"column":null}},"3":{"start":{"line":23,"column":32},"end":{"line":23,"column":null}},"4":{"start":{"line":24,"column":2},"end":{"line":24,"column":null}},"5":{"start":{"line":24,"column":32},"end":{"line":24,"column":null}},"6":{"start":{"line":25,"column":2},"end":{"line":25,"column":null}},"7":{"start":{"line":31,"column":50},"end":{"line":59,"column":null}},"8":{"start":{"line":32,"column":20},"end":{"line":32,"column":null}},"9":{"start":{"line":33,"column":20},"end":{"line":33,"column":null}},"10":{"start":{"line":34,"column":20},"end":{"line":34,"column":null}},"11":{"start":{"line":35,"column":20},"end":{"line":35,"column":null}},"12":{"start":{"line":36,"column":20},"end":{"line":36,"column":null}},"13":{"start":{"line":38,"column":2},"end":{"line":57,"column":null}}},"fnMap":{"0":{"name":"getFillClass","decl":{"start":{"line":22,"column":9},"end":{"line":22,"column":22}},"loc":{"start":{"line":22,"column":45},"end":{"line":26,"column":null}},"line":22},"1":{"name":"(anonymous_1)","decl":{"start":{"line":31,"column":50},"end":{"line":31,"column":51}},"loc":{"start":{"line":31,"column":88},"end":{"line":59,"column":null}},"line":31}},"branchMap":{"0":{"loc":{"start":{"line":23,"column":2},"end":{"line":23,"column":null}},"type":"if","locations":[{"start":{"line":23,"column":2},"end":{"line":23,"column":null}},{"start":{},"end":{}}],"line":23},"1":{"loc":{"start":{"line":24,"column":2},"end":{"line":24,"column":null}},"type":"if","locations":[{"start":{"line":24,"column":2},"end":{"line":24,"column":null}},{"start":{},"end":{}}],"line":24},"2":{"loc":{"start":{"line":32,"column":20},"end":{"line":32,"column":null}},"type":"cond-expr","locations":[{"start":{"line":32,"column":39},"end":{"line":32,"column":84}},{"start":{"line":32,"column":84},"end":{"line":32,"column":null}}],"line":32},"3":{"loc":{"start":{"line":42,"column":55},"end":{"line":42,"column":106}},"type":"cond-expr","locations":[{"start":{"line":42,"column":64},"end":{"line":42,"column":104}},{"start":{"line":42,"column":104},"end":{"line":42,"column":106}}],"line":42},"4":{"loc":{"start":{"line":43,"column":11},"end":{"line":43,"column":null}},"type":"cond-expr","locations":[{"start":{"line":43,"column":20},"end":{"line":43,"column":37}},{"start":{"line":43,"column":37},"end":{"line":43,"column":null}}],"line":43}},"s":{"0":1,"1":1,"2":9,"3":5,"4":4,"5":1,"6":3,"7":1,"8":9,"9":9,"10":9,"11":9,"12":9,"13":9},"f":{"0":9,"1":9},"b":{"0":[5,4],"1":[1,3],"2":[8,1],"3":[4,5],"4":[4,5]},"meta":{"lastBranch":5,"lastFunction":2,"lastStatement":14,"seen":{"s:19:24:19:Infinity":0,"s:20:24:20:Infinity":1,"f:22:9:22:22":0,"b:23:2:23:Infinity:undefined:undefined:undefined:undefined":0,"s:23:2:23:Infinity":2,"s:23:32:23:Infinity":3,"b:24:2:24:Infinity:undefined:undefined:undefined:undefined":1,"s:24:2:24:Infinity":4,"s:24:32:24:Infinity":5,"s:25:2:25:Infinity":6,"s:31:50:59:Infinity":7,"f:31:50:31:51":1,"s:32:20:32:Infinity":8,"b:32:39:32:84:32:84:32:Infinity":2,"s:33:20:33:Infinity":9,"s:34:20:34:Infinity":10,"s:35:20:35:Infinity":11,"s:36:20:36:Infinity":12,"s:38:2:57:Infinity":13,"b:42:64:42:104:42:104:42:106":3,"b:43:20:43:37:43:37:43:Infinity":4}}}
,"C:\\code\\zntl-tray\\apps\\desk\\src\\hooks\\useTimer.ts": {"path":"C:\\code\\zntl-tray\\apps\\desk\\src\\hooks\\useTimer.ts","statementMap":{"0":{"start":{"line":17,"column":28},"end":{"line":17,"column":null}},"1":{"start":{"line":20,"column":2},"end":{"line":22,"column":null}},"2":{"start":{"line":21,"column":4},"end":{"line":21,"column":null}},"3":{"start":{"line":24,"column":2},"end":{"line":32,"column":null}},"4":{"start":{"line":25,"column":4},"end":{"line":25,"column":null}},"5":{"start":{"line":25,"column":18},"end":{"line":25,"column":null}},"6":{"start":{"line":27,"column":15},"end":{"line":29,"column":null}},"7":{"start":{"line":28,"column":6},"end":{"line":28,"column":null}},"8":{"start":{"line":28,"column":27},"end":{"line":28,"column":35}},"9":{"start":{"line":31,"column":4},"end":{"line":31,"column":null}},"10":{"start":{"line":31,"column":17},"end":{"line":31,"column":null}},"11":{"start":{"line":34,"column":2},"end":{"line":34,"column":null}}},"fnMap":{"0":{"name":"useTimer","decl":{"start":{"line":16,"column":16},"end":{"line":16,"column":25}},"loc":{"start":{"line":16,"column":73},"end":{"line":35,"column":null}},"line":16},"1":{"name":"(anonymous_1)","decl":{"start":{"line":20,"column":12},"end":{"line":20,"column":18}},"loc":{"start":{"line":20,"column":18},"end":{"line":22,"column":5}},"line":20},"2":{"name":"(anonymous_2)","decl":{"start":{"line":24,"column":12},"end":{"line":24,"column":18}},"loc":{"start":{"line":24,"column":18},"end":{"line":32,"column":5}},"line":24},"3":{"name":"(anonymous_3)","decl":{"start":{"line":27,"column":27},"end":{"line":27,"column":33}},"loc":{"start":{"line":27,"column":33},"end":{"line":29,"column":7}},"line":27},"4":{"name":"(anonymous_4)","decl":{"start":{"line":28,"column":17},"end":{"line":28,"column":18}},"loc":{"start":{"line":28,"column":27},"end":{"line":28,"column":35}},"line":28},"5":{"name":"(anonymous_5)","decl":{"start":{"line":31,"column":11},"end":{"line":31,"column":17}},"loc":{"start":{"line":31,"column":17},"end":{"line":31,"column":null}},"line":31}},"branchMap":{"0":{"loc":{"start":{"line":16,"column":49},"end":{"line":16,"column":73}},"type":"default-arg","locations":[{"start":{"line":16,"column":59},"end":{"line":16,"column":73}}],"line":16},"1":{"loc":{"start":{"line":25,"column":4},"end":{"line":25,"column":null}},"type":"if","locations":[{"start":{"line":25,"column":4},"end":{"line":25,"column":null}},{"start":{},"end":{}}],"line":25}},"s":{"0":10,"1":10,"2":6,"3":10,"4":5,"5":1,"6":4,"7":8,"8":8,"9":4,"10":4,"11":10},"f":{"0":10,"1":6,"2":5,"3":8,"4":8,"5":4},"b":{"0":[10],"1":[1,4]},"meta":{"lastBranch":2,"lastFunction":6,"lastStatement":12,"seen":{"f:16:16:16:25":0,"b:16:59:16:73":0,"s:17:28:17:Infinity":0,"s:20:2:22:Infinity":1,"f:20:12:20:18":1,"s:21:4:21:Infinity":2,"s:24:2:32:Infinity":3,"f:24:12:24:18":2,"b:25:4:25:Infinity:undefined:undefined:undefined:undefined":1,"s:25:4:25:Infinity":4,"s:25:18:25:Infinity":5,"s:27:15:29:Infinity":6,"f:27:27:27:33":3,"s:28:6:28:Infinity":7,"f:28:17:28:18":4,"s:28:27:28:35":8,"s:31:4:31:Infinity":9,"f:31:11:31:17":5,"s:31:17:31:Infinity":10,"s:34:2:34:Infinity":11}}}
,"C:\\code\\zntl-tray\\apps\\desk\\src\\utils\\format.ts": {"path":"C:\\code\\zntl-tray\\apps\\desk\\src\\utils\\format.ts","statementMap":{"0":{"start":{"line":11,"column":12},"end":{"line":11,"column":null}},"1":{"start":{"line":12,"column":16},"end":{"line":12,"column":null}},"2":{"start":{"line":13,"column":18},"end":{"line":13,"column":null}},"3":{"start":{"line":14,"column":18},"end":{"line":14,"column":null}},"4":{"start":{"line":16,"column":13},"end":{"line":16,"column":null}},"5":{"start":{"line":17,"column":13},"end":{"line":17,"column":null}},"6":{"start":{"line":19,"column":2},"end":{"line":21,"column":null}},"7":{"start":{"line":20,"column":4},"end":{"line":20,"column":null}},"8":{"start":{"line":22,"column":2},"end":{"line":22,"column":null}},"9":{"start":{"line":30,"column":12},"end":{"line":30,"column":null}},"10":{"start":{"line":31,"column":16},"end":{"line":31,"column":null}},"11":{"start":{"line":32,"column":18},"end":{"line":32,"column":null}},"12":{"start":{"line":33,"column":18},"end":{"line":33,"column":null}},"13":{"start":{"line":35,"column":2},"end":{"line":37,"column":null}},"14":{"start":{"line":36,"column":4},"end":{"line":36,"column":null}},"15":{"start":{"line":38,"column":2},"end":{"line":40,"column":null}},"16":{"start":{"line":39,"column":4},"end":{"line":39,"column":null}},"17":{"start":{"line":41,"column":2},"end":{"line":41,"column":null}}},"fnMap":{"0":{"name":"formatDuration","decl":{"start":{"line":10,"column":16},"end":{"line":10,"column":31}},"loc":{"start":{"line":10,"column":61},"end":{"line":23,"column":null}},"line":10},"1":{"name":"formatDurationShort","decl":{"start":{"line":29,"column":16},"end":{"line":29,"column":36}},"loc":{"start":{"line":29,"column":66},"end":{"line":42,"column":null}},"line":29}},"branchMap":{"0":{"loc":{"start":{"line":19,"column":2},"end":{"line":21,"column":null}},"type":"if","locations":[{"start":{"line":19,"column":2},"end":{"line":21,"column":null}},{"start":{},"end":{}}],"line":19},"1":{"loc":{"start":{"line":35,"column":2},"end":{"line":37,"column":null}},"type":"if","locations":[{"start":{"line":35,"column":2},"end":{"line":37,"column":null}},{"start":{},"end":{}}],"line":35},"2":{"loc":{"start":{"line":38,"column":2},"end":{"line":40,"column":null}},"type":"if","locations":[{"start":{"line":38,"column":2},"end":{"line":40,"column":null}},{"start":{},"end":{}}],"line":38}},"s":{"0":14,"1":14,"2":14,"3":14,"4":14,"5":14,"6":14,"7":0,"8":14,"9":0,"10":0,"11":0,"12":0,"13":0,"14":0,"15":0,"16":0,"17":0},"f":{"0":14,"1":0},"b":{"0":[0,14],"1":[0,0],"2":[0,0]},"meta":{"lastBranch":3,"lastFunction":2,"lastStatement":18,"seen":{"f:10:16:10:31":0,"s:11:12:11:Infinity":0,"s:12:16:12:Infinity":1,"s:13:18:13:Infinity":2,"s:14:18:14:Infinity":3,"s:16:13:16:Infinity":4,"s:17:13:17:Infinity":5,"b:19:2:21:Infinity:undefined:undefined:undefined:undefined":0,"s:19:2:21:Infinity":6,"s:20:4:20:Infinity":7,"s:22:2:22:Infinity":8,"f:29:16:29:36":1,"s:30:12:30:Infinity":9,"s:31:16:31:Infinity":10,"s:32:18:32:Infinity":11,"s:33:18:33:Infinity":12,"b:35:2:37:Infinity:undefined:undefined:undefined:undefined":1,"s:35:2:37:Infinity":13,"s:36:4:36:Infinity":14,"b:38:2:40:Infinity:undefined:undefined:undefined:undefined":2,"s:38:2:40:Infinity":15,"s:39:4:39:Infinity":16,"s:41:2:41:Infinity":17}}}
}
